<?xml version="1.0" encoding="UTF-8"?>
<!-- Generated by org.testng.reporters.JUnitXMLReporter -->
<testsuite hostname="DESKTOP-DT4EAKM" ignored="0" name="Default test" tests="7" failures="0" timestamp="2020-03-30T07:29:55 COT" time="0.616" errors="0">
  <testcase name="testAddTopic1" time="0.065" classname="co.edu.icesi.internetcomputing.workshop.unit_tests.TsscTopicServiceTest"/>
  <testcase name="testAddTopic2" time="0.005" classname="co.edu.icesi.internetcomputing.workshop.unit_tests.TsscTopicServiceTest"/>
  <testcase name="testAddTopic3" time="0.004" classname="co.edu.icesi.internetcomputing.workshop.unit_tests.TsscTopicServiceTest"/>
  <testcase name="testAddTopicNull" time="0.002" classname="co.edu.icesi.internetcomputing.workshop.unit_tests.TsscTopicServiceTest"/>
  <testcase name="testUpdateTopic1" time="0.002" classname="co.edu.icesi.internetcomputing.workshop.unit_tests.TsscTopicServiceTest"/>
  <testcase name="testUpdateTopic2" time="0.002" classname="co.edu.icesi.internetcomputing.workshop.unit_tests.TsscTopicServiceTest"/>
  <testcase name="testUpdateTopic3" time="0.004" classname="co.edu.icesi.internetcomputing.workshop.unit_tests.TsscTopicServiceTest"/>
</testsuite> <!-- Default test -->
