<?xml version="1.0" encoding="UTF-8"?>
<!-- Generated by org.testng.reporters.JUnitXMLReporter -->
<testsuite hostname="DESKTOP-DT4EAKM" ignored="0" name="Default test" tests="5" failures="0" timestamp="2020-03-30T20:42:03 COT" time="0.568" errors="0">
  <testcase name="testAddGame2" time="0.052" classname="co.edu.icesi.internetcomputing.workshop.unit_tests.TsscStoryServiceTest"/>
  <testcase name="testAddGame3" time="0.002" classname="co.edu.icesi.internetcomputing.workshop.unit_tests.TsscStoryServiceTest"/>
  <testcase name="testAddGame4" time="0.006" classname="co.edu.icesi.internetcomputing.workshop.unit_tests.TsscStoryServiceTest"/>
  <testcase name="testAddGame5" time="0.001" classname="co.edu.icesi.internetcomputing.workshop.unit_tests.TsscStoryServiceTest"/>
  <testcase name="testAddStory1" time="0.026" classname="co.edu.icesi.internetcomputing.workshop.unit_tests.TsscStoryServiceTest"/>
</testsuite> <!-- Default test -->
