<?xml version="1.0" encoding="UTF-8"?>
<testng-results skipped="0" failed="0" ignored="0" total="5" passed="5">
  <reporter-output>
  </reporter-output>
  <suite name="Default suite" duration-ms="568" started-at="2020-03-30T20:42:03 COT" finished-at="2020-03-30T20:42:03 COT">
    <groups>
    </groups>
    <test name="Default test" duration-ms="568" started-at="2020-03-30T20:42:03 COT" finished-at="2020-03-30T20:42:03 COT">
      <class name="co.edu.icesi.internetcomputing.workshop.unit_tests.TsscStoryServiceTest">
        <test-method status="PASS" signature="initialize()[pri:0, instance:co.edu.icesi.internetcomputing.workshop.unit_tests.TsscStoryServiceTest@4d50efb8]" name="initialize" is-config="true" duration-ms="18" started-at="2020-03-30T20:42:03 COT" finished-at="2020-03-30T20:42:03 COT">
          <reporter-output>
          </reporter-output>
        </test-method> <!-- initialize -->
        <test-method status="PASS" signature="iniMock()[pri:0, instance:co.edu.icesi.internetcomputing.workshop.unit_tests.TsscStoryServiceTest@4d50efb8]" name="iniMock" is-config="true" duration-ms="318" started-at="2020-03-30T20:42:03 COT" finished-at="2020-03-30T20:42:03 COT">
          <reporter-output>
          </reporter-output>
        </test-method> <!-- iniMock -->
        <test-method status="PASS" signature="testAddGame2()[pri:0, instance:co.edu.icesi.internetcomputing.workshop.unit_tests.TsscStoryServiceTest@4d50efb8]" name="testAddGame2" duration-ms="52" started-at="2020-03-30T20:42:03 COT" finished-at="2020-03-30T20:42:03 COT">
          <reporter-output>
          </reporter-output>
        </test-method> <!-- testAddGame2 -->
        <test-method status="PASS" signature="iniMock()[pri:0, instance:co.edu.icesi.internetcomputing.workshop.unit_tests.TsscStoryServiceTest@4d50efb8]" name="iniMock" is-config="true" duration-ms="30" started-at="2020-03-30T20:42:03 COT" finished-at="2020-03-30T20:42:03 COT">
          <reporter-output>
          </reporter-output>
        </test-method> <!-- iniMock -->
        <test-method status="PASS" signature="testAddGame3()[pri:0, instance:co.edu.icesi.internetcomputing.workshop.unit_tests.TsscStoryServiceTest@4d50efb8]" name="testAddGame3" duration-ms="2" started-at="2020-03-30T20:42:03 COT" finished-at="2020-03-30T20:42:03 COT">
          <reporter-output>
          </reporter-output>
        </test-method> <!-- testAddGame3 -->
        <test-method status="PASS" signature="iniMock()[pri:0, instance:co.edu.icesi.internetcomputing.workshop.unit_tests.TsscStoryServiceTest@4d50efb8]" name="iniMock" is-config="true" duration-ms="1" started-at="2020-03-30T20:42:03 COT" finished-at="2020-03-30T20:42:03 COT">
          <reporter-output>
          </reporter-output>
        </test-method> <!-- iniMock -->
        <test-method status="PASS" signature="testAddGame4()[pri:0, instance:co.edu.icesi.internetcomputing.workshop.unit_tests.TsscStoryServiceTest@4d50efb8]" name="testAddGame4" duration-ms="6" started-at="2020-03-30T20:42:03 COT" finished-at="2020-03-30T20:42:03 COT">
          <reporter-output>
          </reporter-output>
        </test-method> <!-- testAddGame4 -->
        <test-method status="PASS" signature="iniMock()[pri:0, instance:co.edu.icesi.internetcomputing.workshop.unit_tests.TsscStoryServiceTest@4d50efb8]" name="iniMock" is-config="true" duration-ms="9" started-at="2020-03-30T20:42:03 COT" finished-at="2020-03-30T20:42:03 COT">
          <reporter-output>
          </reporter-output>
        </test-method> <!-- iniMock -->
        <test-method status="PASS" signature="testAddGame5()[pri:0, instance:co.edu.icesi.internetcomputing.workshop.unit_tests.TsscStoryServiceTest@4d50efb8]" name="testAddGame5" duration-ms="1" started-at="2020-03-30T20:42:03 COT" finished-at="2020-03-30T20:42:03 COT">
          <reporter-output>
          </reporter-output>
        </test-method> <!-- testAddGame5 -->
        <test-method status="PASS" signature="iniMock()[pri:0, instance:co.edu.icesi.internetcomputing.workshop.unit_tests.TsscStoryServiceTest@4d50efb8]" name="iniMock" is-config="true" duration-ms="2" started-at="2020-03-30T20:42:03 COT" finished-at="2020-03-30T20:42:03 COT">
          <reporter-output>
          </reporter-output>
        </test-method> <!-- iniMock -->
        <test-method status="PASS" signature="testAddStory1()[pri:0, instance:co.edu.icesi.internetcomputing.workshop.unit_tests.TsscStoryServiceTest@4d50efb8]" name="testAddStory1" duration-ms="26" started-at="2020-03-30T20:42:03 COT" finished-at="2020-03-30T20:42:03 COT">
          <reporter-output>
          </reporter-output>
        </test-method> <!-- testAddStory1 -->
      </class> <!-- co.edu.icesi.internetcomputing.workshop.unit_tests.TsscStoryServiceTest -->
    </test> <!-- Default test -->
  </suite> <!-- Default suite -->
</testng-results>
