<?xml version="1.0" encoding="UTF-8"?>
<testng-results skipped="0" failed="8" ignored="0" total="25" passed="17">
  <reporter-output>
  </reporter-output>
  <suite name="Default suite" duration-ms="1051" started-at="2020-05-12T22:36:17 COT" finished-at="2020-05-12T22:36:18 COT">
    <groups>
      <group name="Update">
        <method signature="TsscGameServiceTest.testUpdateGame1()[pri:0, instance:co.edu.icesi.internetcomputing.workshop.unit_tests.TsscGameServiceTest@76a3e297]" name="testUpdateGame1" class="co.edu.icesi.internetcomputing.workshop.unit_tests.TsscGameServiceTest"/>
        <method signature="TsscGameServiceTest.testUpdateGame2()[pri:0, instance:co.edu.icesi.internetcomputing.workshop.unit_tests.TsscGameServiceTest@76a3e297]" name="testUpdateGame2" class="co.edu.icesi.internetcomputing.workshop.unit_tests.TsscGameServiceTest"/>
        <method signature="TsscGameServiceTest.testUpdateGame3()[pri:0, instance:co.edu.icesi.internetcomputing.workshop.unit_tests.TsscGameServiceTest@76a3e297]" name="testUpdateGame3" class="co.edu.icesi.internetcomputing.workshop.unit_tests.TsscGameServiceTest"/>
        <method signature="TsscStoryServiceTest.testUpdateStory1()[pri:0, instance:co.edu.icesi.internetcomputing.workshop.unit_tests.TsscStoryServiceTest@3aeaafa6]" name="testUpdateStory1" class="co.edu.icesi.internetcomputing.workshop.unit_tests.TsscStoryServiceTest"/>
        <method signature="TsscTopicServiceTest.testUpdateTopic1()[pri:0, instance:co.edu.icesi.internetcomputing.workshop.unit_tests.TsscTopicServiceTest@4d3167f4]" name="testUpdateTopic1" class="co.edu.icesi.internetcomputing.workshop.unit_tests.TsscTopicServiceTest"/>
        <method signature="TsscTopicServiceTest.testUpdateTopic2()[pri:0, instance:co.edu.icesi.internetcomputing.workshop.unit_tests.TsscTopicServiceTest@4d3167f4]" name="testUpdateTopic2" class="co.edu.icesi.internetcomputing.workshop.unit_tests.TsscTopicServiceTest"/>
        <method signature="TsscTopicServiceTest.testUpdateTopic3()[pri:0, instance:co.edu.icesi.internetcomputing.workshop.unit_tests.TsscTopicServiceTest@4d3167f4]" name="testUpdateTopic3" class="co.edu.icesi.internetcomputing.workshop.unit_tests.TsscTopicServiceTest"/>
      </group> <!-- Update -->
    </groups>
    <test name="Default test" duration-ms="1051" started-at="2020-05-12T22:36:17 COT" finished-at="2020-05-12T22:36:18 COT">
      <class name="co.edu.icesi.internetcomputing.workshop.unit_tests.TsscGameServiceTest">
        <test-method status="PASS" signature="initialize()[pri:0, instance:co.edu.icesi.internetcomputing.workshop.unit_tests.TsscGameServiceTest@76a3e297]" name="initialize" is-config="true" duration-ms="3" started-at="2020-05-12T22:36:18 COT" finished-at="2020-05-12T22:36:18 COT">
          <reporter-output>
          </reporter-output>
        </test-method> <!-- initialize -->
        <test-method status="PASS" signature="iniMock()[pri:0, instance:co.edu.icesi.internetcomputing.workshop.unit_tests.TsscGameServiceTest@76a3e297]" name="iniMock" is-config="true" duration-ms="17" started-at="2020-05-12T22:36:18 COT" finished-at="2020-05-12T22:36:18 COT">
          <reporter-output>
          </reporter-output>
        </test-method> <!-- iniMock -->
        <test-method status="PASS" signature="initializeUpdate()[pri:0, instance:co.edu.icesi.internetcomputing.workshop.unit_tests.TsscGameServiceTest@76a3e297]" name="initializeUpdate" is-config="true" duration-ms="0" started-at="2020-05-12T22:36:18 COT" finished-at="2020-05-12T22:36:18 COT">
          <reporter-output>
          </reporter-output>
        </test-method> <!-- initializeUpdate -->
        <test-method status="FAIL" signature="testAdd2Game1()[pri:0, instance:co.edu.icesi.internetcomputing.workshop.unit_tests.TsscGameServiceTest@76a3e297]" name="testAdd2Game1" duration-ms="2" started-at="2020-05-12T22:36:18 COT" finished-at="2020-05-12T22:36:18 COT">
          <exception class="java.lang.NullPointerException">
            <full-stacktrace>
              <![CDATA[java.lang.NullPointerException
at co.edu.icesi.internetcomputing.workshop.services.TsscGameServiceImp.save2(TsscGameServiceImp.java:69)
at co.edu.icesi.internetcomputing.workshop.unit_tests.TsscGameServiceTest.testAdd2Game1(TsscGameServiceTest.java:191)
at sun.reflect.NativeMethodAccessorImpl.invoke0(Native Method)
at sun.reflect.NativeMethodAccessorImpl.invoke(Unknown Source)
at sun.reflect.DelegatingMethodAccessorImpl.invoke(Unknown Source)
at java.lang.reflect.Method.invoke(Unknown Source)
at org.testng.internal.MethodInvocationHelper.invokeMethod(MethodInvocationHelper.java:134)
at org.testng.internal.TestInvoker.invokeMethod(TestInvoker.java:597)
at org.testng.internal.TestInvoker.invokeTestMethod(TestInvoker.java:173)
at org.testng.internal.MethodRunner.runInSequence(MethodRunner.java:46)
at org.testng.internal.TestInvoker$MethodInvocationAgent.invoke(TestInvoker.java:816)
at org.testng.internal.TestInvoker.invokeTestMethods(TestInvoker.java:146)
at org.testng.internal.TestMethodWorker.invokeTestMethods(TestMethodWorker.java:146)
at org.testng.internal.TestMethodWorker.run(TestMethodWorker.java:128)
at java.util.ArrayList.forEach(Unknown Source)
at org.testng.TestRunner.privateRun(TestRunner.java:766)
at org.testng.TestRunner.run(TestRunner.java:587)
at org.testng.SuiteRunner.runTest(SuiteRunner.java:384)
at org.testng.SuiteRunner.runSequentially(SuiteRunner.java:378)
at org.testng.SuiteRunner.privateRun(SuiteRunner.java:337)
at org.testng.SuiteRunner.run(SuiteRunner.java:286)
at org.testng.SuiteRunnerWorker.runSuite(SuiteRunnerWorker.java:53)
at org.testng.SuiteRunnerWorker.run(SuiteRunnerWorker.java:96)
at org.testng.TestNG.runSuitesSequentially(TestNG.java:1187)
at org.testng.TestNG.runSuitesLocally(TestNG.java:1109)
at org.testng.TestNG.runSuites(TestNG.java:1039)
at org.testng.TestNG.run(TestNG.java:1007)
at org.testng.remote.AbstractRemoteTestNG.run(AbstractRemoteTestNG.java:115)
at org.testng.remote.RemoteTestNG.initAndRun(RemoteTestNG.java:251)
at org.testng.remote.RemoteTestNG.main(RemoteTestNG.java:77)
]]>
            </full-stacktrace>
          </exception> <!-- java.lang.NullPointerException -->
          <reporter-output>
          </reporter-output>
        </test-method> <!-- testAdd2Game1 -->
        <test-method status="PASS" signature="iniMock()[pri:0, instance:co.edu.icesi.internetcomputing.workshop.unit_tests.TsscGameServiceTest@76a3e297]" name="iniMock" is-config="true" duration-ms="2" started-at="2020-05-12T22:36:18 COT" finished-at="2020-05-12T22:36:18 COT">
          <reporter-output>
          </reporter-output>
        </test-method> <!-- iniMock -->
        <test-method status="PASS" signature="initializeUpdate()[pri:0, instance:co.edu.icesi.internetcomputing.workshop.unit_tests.TsscGameServiceTest@76a3e297]" name="initializeUpdate" is-config="true" duration-ms="0" started-at="2020-05-12T22:36:18 COT" finished-at="2020-05-12T22:36:18 COT">
          <reporter-output>
          </reporter-output>
        </test-method> <!-- initializeUpdate -->
        <test-method status="FAIL" signature="testAddGame1()[pri:0, instance:co.edu.icesi.internetcomputing.workshop.unit_tests.TsscGameServiceTest@76a3e297]" name="testAddGame1" duration-ms="2" started-at="2020-05-12T22:36:18 COT" finished-at="2020-05-12T22:36:18 COT">
          <exception class="java.lang.NullPointerException">
            <full-stacktrace>
              <![CDATA[java.lang.NullPointerException
at co.edu.icesi.internetcomputing.workshop.services.TsscGameServiceImp.save(TsscGameServiceImp.java:45)
at co.edu.icesi.internetcomputing.workshop.unit_tests.TsscGameServiceTest.testAddGame1(TsscGameServiceTest.java:103)
at sun.reflect.NativeMethodAccessorImpl.invoke0(Native Method)
at sun.reflect.NativeMethodAccessorImpl.invoke(Unknown Source)
at sun.reflect.DelegatingMethodAccessorImpl.invoke(Unknown Source)
at java.lang.reflect.Method.invoke(Unknown Source)
at org.testng.internal.MethodInvocationHelper.invokeMethod(MethodInvocationHelper.java:134)
at org.testng.internal.TestInvoker.invokeMethod(TestInvoker.java:597)
at org.testng.internal.TestInvoker.invokeTestMethod(TestInvoker.java:173)
at org.testng.internal.MethodRunner.runInSequence(MethodRunner.java:46)
at org.testng.internal.TestInvoker$MethodInvocationAgent.invoke(TestInvoker.java:816)
at org.testng.internal.TestInvoker.invokeTestMethods(TestInvoker.java:146)
at org.testng.internal.TestMethodWorker.invokeTestMethods(TestMethodWorker.java:146)
at org.testng.internal.TestMethodWorker.run(TestMethodWorker.java:128)
at java.util.ArrayList.forEach(Unknown Source)
at org.testng.TestRunner.privateRun(TestRunner.java:766)
at org.testng.TestRunner.run(TestRunner.java:587)
at org.testng.SuiteRunner.runTest(SuiteRunner.java:384)
at org.testng.SuiteRunner.runSequentially(SuiteRunner.java:378)
at org.testng.SuiteRunner.privateRun(SuiteRunner.java:337)
at org.testng.SuiteRunner.run(SuiteRunner.java:286)
at org.testng.SuiteRunnerWorker.runSuite(SuiteRunnerWorker.java:53)
at org.testng.SuiteRunnerWorker.run(SuiteRunnerWorker.java:96)
at org.testng.TestNG.runSuitesSequentially(TestNG.java:1187)
at org.testng.TestNG.runSuitesLocally(TestNG.java:1109)
at org.testng.TestNG.runSuites(TestNG.java:1039)
at org.testng.TestNG.run(TestNG.java:1007)
at org.testng.remote.AbstractRemoteTestNG.run(AbstractRemoteTestNG.java:115)
at org.testng.remote.RemoteTestNG.initAndRun(RemoteTestNG.java:251)
at org.testng.remote.RemoteTestNG.main(RemoteTestNG.java:77)
]]>
            </full-stacktrace>
          </exception> <!-- java.lang.NullPointerException -->
          <reporter-output>
          </reporter-output>
        </test-method> <!-- testAddGame1 -->
        <test-method status="PASS" signature="iniMock()[pri:0, instance:co.edu.icesi.internetcomputing.workshop.unit_tests.TsscGameServiceTest@76a3e297]" name="iniMock" is-config="true" duration-ms="1" started-at="2020-05-12T22:36:18 COT" finished-at="2020-05-12T22:36:18 COT">
          <reporter-output>
          </reporter-output>
        </test-method> <!-- iniMock -->
        <test-method status="PASS" signature="initializeUpdate()[pri:0, instance:co.edu.icesi.internetcomputing.workshop.unit_tests.TsscGameServiceTest@76a3e297]" name="initializeUpdate" is-config="true" duration-ms="1" started-at="2020-05-12T22:36:18 COT" finished-at="2020-05-12T22:36:18 COT">
          <reporter-output>
          </reporter-output>
        </test-method> <!-- initializeUpdate -->
        <test-method status="PASS" signature="testAddGame2()[pri:0, instance:co.edu.icesi.internetcomputing.workshop.unit_tests.TsscGameServiceTest@76a3e297]" name="testAddGame2" duration-ms="4" started-at="2020-05-12T22:36:18 COT" finished-at="2020-05-12T22:36:18 COT">
          <reporter-output>
          </reporter-output>
        </test-method> <!-- testAddGame2 -->
        <test-method status="PASS" signature="iniMock()[pri:0, instance:co.edu.icesi.internetcomputing.workshop.unit_tests.TsscGameServiceTest@76a3e297]" name="iniMock" is-config="true" duration-ms="1" started-at="2020-05-12T22:36:18 COT" finished-at="2020-05-12T22:36:18 COT">
          <reporter-output>
          </reporter-output>
        </test-method> <!-- iniMock -->
        <test-method status="PASS" signature="initializeUpdate()[pri:0, instance:co.edu.icesi.internetcomputing.workshop.unit_tests.TsscGameServiceTest@76a3e297]" name="initializeUpdate" is-config="true" duration-ms="2" started-at="2020-05-12T22:36:18 COT" finished-at="2020-05-12T22:36:18 COT">
          <reporter-output>
          </reporter-output>
        </test-method> <!-- initializeUpdate -->
        <test-method status="PASS" signature="testAddGame3()[pri:0, instance:co.edu.icesi.internetcomputing.workshop.unit_tests.TsscGameServiceTest@76a3e297]" name="testAddGame3" duration-ms="2" started-at="2020-05-12T22:36:18 COT" finished-at="2020-05-12T22:36:18 COT">
          <reporter-output>
          </reporter-output>
        </test-method> <!-- testAddGame3 -->
        <test-method status="PASS" signature="iniMock()[pri:0, instance:co.edu.icesi.internetcomputing.workshop.unit_tests.TsscGameServiceTest@76a3e297]" name="iniMock" is-config="true" duration-ms="2" started-at="2020-05-12T22:36:18 COT" finished-at="2020-05-12T22:36:18 COT">
          <reporter-output>
          </reporter-output>
        </test-method> <!-- iniMock -->
        <test-method status="PASS" signature="initializeUpdate()[pri:0, instance:co.edu.icesi.internetcomputing.workshop.unit_tests.TsscGameServiceTest@76a3e297]" name="initializeUpdate" is-config="true" duration-ms="1" started-at="2020-05-12T22:36:18 COT" finished-at="2020-05-12T22:36:18 COT">
          <reporter-output>
          </reporter-output>
        </test-method> <!-- initializeUpdate -->
        <test-method status="FAIL" signature="testAddGame4()[pri:0, instance:co.edu.icesi.internetcomputing.workshop.unit_tests.TsscGameServiceTest@76a3e297]" name="testAddGame4" duration-ms="5" started-at="2020-05-12T22:36:18 COT" finished-at="2020-05-12T22:36:18 COT">
          <exception class="java.lang.NullPointerException">
            <full-stacktrace>
              <![CDATA[java.lang.NullPointerException
at co.edu.icesi.internetcomputing.workshop.services.TsscGameServiceImp.save(TsscGameServiceImp.java:45)
at co.edu.icesi.internetcomputing.workshop.unit_tests.TsscGameServiceTest.testAddGame4(TsscGameServiceTest.java:164)
at sun.reflect.NativeMethodAccessorImpl.invoke0(Native Method)
at sun.reflect.NativeMethodAccessorImpl.invoke(Unknown Source)
at sun.reflect.DelegatingMethodAccessorImpl.invoke(Unknown Source)
at java.lang.reflect.Method.invoke(Unknown Source)
at org.testng.internal.MethodInvocationHelper.invokeMethod(MethodInvocationHelper.java:134)
at org.testng.internal.TestInvoker.invokeMethod(TestInvoker.java:597)
at org.testng.internal.TestInvoker.invokeTestMethod(TestInvoker.java:173)
at org.testng.internal.MethodRunner.runInSequence(MethodRunner.java:46)
at org.testng.internal.TestInvoker$MethodInvocationAgent.invoke(TestInvoker.java:816)
at org.testng.internal.TestInvoker.invokeTestMethods(TestInvoker.java:146)
at org.testng.internal.TestMethodWorker.invokeTestMethods(TestMethodWorker.java:146)
at org.testng.internal.TestMethodWorker.run(TestMethodWorker.java:128)
at java.util.ArrayList.forEach(Unknown Source)
at org.testng.TestRunner.privateRun(TestRunner.java:766)
at org.testng.TestRunner.run(TestRunner.java:587)
at org.testng.SuiteRunner.runTest(SuiteRunner.java:384)
at org.testng.SuiteRunner.runSequentially(SuiteRunner.java:378)
at org.testng.SuiteRunner.privateRun(SuiteRunner.java:337)
at org.testng.SuiteRunner.run(SuiteRunner.java:286)
at org.testng.SuiteRunnerWorker.runSuite(SuiteRunnerWorker.java:53)
at org.testng.SuiteRunnerWorker.run(SuiteRunnerWorker.java:96)
at org.testng.TestNG.runSuitesSequentially(TestNG.java:1187)
at org.testng.TestNG.runSuitesLocally(TestNG.java:1109)
at org.testng.TestNG.runSuites(TestNG.java:1039)
at org.testng.TestNG.run(TestNG.java:1007)
at org.testng.remote.AbstractRemoteTestNG.run(AbstractRemoteTestNG.java:115)
at org.testng.remote.RemoteTestNG.initAndRun(RemoteTestNG.java:251)
at org.testng.remote.RemoteTestNG.main(RemoteTestNG.java:77)
]]>
            </full-stacktrace>
          </exception> <!-- java.lang.NullPointerException -->
          <reporter-output>
          </reporter-output>
        </test-method> <!-- testAddGame4 -->
        <test-method status="PASS" signature="iniMock()[pri:0, instance:co.edu.icesi.internetcomputing.workshop.unit_tests.TsscGameServiceTest@76a3e297]" name="iniMock" is-config="true" duration-ms="2" started-at="2020-05-12T22:36:18 COT" finished-at="2020-05-12T22:36:18 COT">
          <reporter-output>
          </reporter-output>
        </test-method> <!-- iniMock -->
        <test-method status="PASS" signature="initializeUpdate()[pri:0, instance:co.edu.icesi.internetcomputing.workshop.unit_tests.TsscGameServiceTest@76a3e297]" name="initializeUpdate" is-config="true" duration-ms="1" started-at="2020-05-12T22:36:18 COT" finished-at="2020-05-12T22:36:18 COT">
          <reporter-output>
          </reporter-output>
        </test-method> <!-- initializeUpdate -->
        <test-method status="PASS" signature="testAddTopicNull()[pri:0, instance:co.edu.icesi.internetcomputing.workshop.unit_tests.TsscGameServiceTest@76a3e297]" name="testAddTopicNull" duration-ms="4" started-at="2020-05-12T22:36:18 COT" finished-at="2020-05-12T22:36:18 COT">
          <exception class="java.lang.NullPointerException">
            <message>
              <![CDATA[El Game no puede ser nulo]]>
            </message>
            <full-stacktrace>
              <![CDATA[java.lang.NullPointerException: El Game no puede ser nulo
at co.edu.icesi.internetcomputing.workshop.services.TsscGameServiceImp.save(TsscGameServiceImp.java:39)
at co.edu.icesi.internetcomputing.workshop.unit_tests.TsscGameServiceTest.testAddTopicNull(TsscGameServiceTest.java:172)
at sun.reflect.NativeMethodAccessorImpl.invoke0(Native Method)
at sun.reflect.NativeMethodAccessorImpl.invoke(Unknown Source)
at sun.reflect.DelegatingMethodAccessorImpl.invoke(Unknown Source)
at java.lang.reflect.Method.invoke(Unknown Source)
at org.testng.internal.MethodInvocationHelper.invokeMethod(MethodInvocationHelper.java:134)
at org.testng.internal.TestInvoker.invokeMethod(TestInvoker.java:597)
at org.testng.internal.TestInvoker.invokeTestMethod(TestInvoker.java:173)
at org.testng.internal.MethodRunner.runInSequence(MethodRunner.java:46)
at org.testng.internal.TestInvoker$MethodInvocationAgent.invoke(TestInvoker.java:816)
at org.testng.internal.TestInvoker.invokeTestMethods(TestInvoker.java:146)
at org.testng.internal.TestMethodWorker.invokeTestMethods(TestMethodWorker.java:146)
at org.testng.internal.TestMethodWorker.run(TestMethodWorker.java:128)
at java.util.ArrayList.forEach(Unknown Source)
at org.testng.TestRunner.privateRun(TestRunner.java:766)
at org.testng.TestRunner.run(TestRunner.java:587)
at org.testng.SuiteRunner.runTest(SuiteRunner.java:384)
at org.testng.SuiteRunner.runSequentially(SuiteRunner.java:378)
at org.testng.SuiteRunner.privateRun(SuiteRunner.java:337)
at org.testng.SuiteRunner.run(SuiteRunner.java:286)
at org.testng.SuiteRunnerWorker.runSuite(SuiteRunnerWorker.java:53)
at org.testng.SuiteRunnerWorker.run(SuiteRunnerWorker.java:96)
at org.testng.TestNG.runSuitesSequentially(TestNG.java:1187)
at org.testng.TestNG.runSuitesLocally(TestNG.java:1109)
at org.testng.TestNG.runSuites(TestNG.java:1039)
at org.testng.TestNG.run(TestNG.java:1007)
at org.testng.remote.AbstractRemoteTestNG.run(AbstractRemoteTestNG.java:115)
at org.testng.remote.RemoteTestNG.initAndRun(RemoteTestNG.java:251)
at org.testng.remote.RemoteTestNG.main(RemoteTestNG.java:77)
]]>
            </full-stacktrace>
          </exception> <!-- java.lang.NullPointerException -->
          <reporter-output>
          </reporter-output>
        </test-method> <!-- testAddTopicNull -->
        <test-method status="PASS" signature="iniMock()[pri:0, instance:co.edu.icesi.internetcomputing.workshop.unit_tests.TsscGameServiceTest@76a3e297]" name="iniMock" is-config="true" duration-ms="1" started-at="2020-05-12T22:36:18 COT" finished-at="2020-05-12T22:36:18 COT">
          <reporter-output>
          </reporter-output>
        </test-method> <!-- iniMock -->
        <test-method status="PASS" signature="initializeUpdate()[pri:0, instance:co.edu.icesi.internetcomputing.workshop.unit_tests.TsscGameServiceTest@76a3e297]" name="initializeUpdate" is-config="true" duration-ms="0" started-at="2020-05-12T22:36:18 COT" finished-at="2020-05-12T22:36:18 COT">
          <reporter-output>
          </reporter-output>
        </test-method> <!-- initializeUpdate -->
        <test-method status="FAIL" signature="testUpdateGame1()[pri:0, instance:co.edu.icesi.internetcomputing.workshop.unit_tests.TsscGameServiceTest@76a3e297]" name="testUpdateGame1" duration-ms="2" started-at="2020-05-12T22:36:18 COT" finished-at="2020-05-12T22:36:18 COT">
          <exception class="java.lang.NullPointerException">
            <full-stacktrace>
              <![CDATA[java.lang.NullPointerException
at co.edu.icesi.internetcomputing.workshop.services.TsscGameServiceImp.save(TsscGameServiceImp.java:45)
at co.edu.icesi.internetcomputing.workshop.unit_tests.TsscGameServiceTest.testUpdateGame1(TsscGameServiceTest.java:233)
at sun.reflect.NativeMethodAccessorImpl.invoke0(Native Method)
at sun.reflect.NativeMethodAccessorImpl.invoke(Unknown Source)
at sun.reflect.DelegatingMethodAccessorImpl.invoke(Unknown Source)
at java.lang.reflect.Method.invoke(Unknown Source)
at org.testng.internal.MethodInvocationHelper.invokeMethod(MethodInvocationHelper.java:134)
at org.testng.internal.TestInvoker.invokeMethod(TestInvoker.java:597)
at org.testng.internal.TestInvoker.invokeTestMethod(TestInvoker.java:173)
at org.testng.internal.MethodRunner.runInSequence(MethodRunner.java:46)
at org.testng.internal.TestInvoker$MethodInvocationAgent.invoke(TestInvoker.java:816)
at org.testng.internal.TestInvoker.invokeTestMethods(TestInvoker.java:146)
at org.testng.internal.TestMethodWorker.invokeTestMethods(TestMethodWorker.java:146)
at org.testng.internal.TestMethodWorker.run(TestMethodWorker.java:128)
at java.util.ArrayList.forEach(Unknown Source)
at org.testng.TestRunner.privateRun(TestRunner.java:766)
at org.testng.TestRunner.run(TestRunner.java:587)
at org.testng.SuiteRunner.runTest(SuiteRunner.java:384)
at org.testng.SuiteRunner.runSequentially(SuiteRunner.java:378)
at org.testng.SuiteRunner.privateRun(SuiteRunner.java:337)
at org.testng.SuiteRunner.run(SuiteRunner.java:286)
at org.testng.SuiteRunnerWorker.runSuite(SuiteRunnerWorker.java:53)
at org.testng.SuiteRunnerWorker.run(SuiteRunnerWorker.java:96)
at org.testng.TestNG.runSuitesSequentially(TestNG.java:1187)
at org.testng.TestNG.runSuitesLocally(TestNG.java:1109)
at org.testng.TestNG.runSuites(TestNG.java:1039)
at org.testng.TestNG.run(TestNG.java:1007)
at org.testng.remote.AbstractRemoteTestNG.run(AbstractRemoteTestNG.java:115)
at org.testng.remote.RemoteTestNG.initAndRun(RemoteTestNG.java:251)
at org.testng.remote.RemoteTestNG.main(RemoteTestNG.java:77)
]]>
            </full-stacktrace>
          </exception> <!-- java.lang.NullPointerException -->
          <reporter-output>
          </reporter-output>
        </test-method> <!-- testUpdateGame1 -->
        <test-method status="PASS" signature="iniMock()[pri:0, instance:co.edu.icesi.internetcomputing.workshop.unit_tests.TsscGameServiceTest@76a3e297]" name="iniMock" is-config="true" duration-ms="2" started-at="2020-05-12T22:36:18 COT" finished-at="2020-05-12T22:36:18 COT">
          <reporter-output>
          </reporter-output>
        </test-method> <!-- iniMock -->
        <test-method status="PASS" signature="initializeUpdate()[pri:0, instance:co.edu.icesi.internetcomputing.workshop.unit_tests.TsscGameServiceTest@76a3e297]" name="initializeUpdate" is-config="true" duration-ms="1" started-at="2020-05-12T22:36:18 COT" finished-at="2020-05-12T22:36:18 COT">
          <reporter-output>
          </reporter-output>
        </test-method> <!-- initializeUpdate -->
        <test-method status="PASS" signature="testUpdateGame2()[pri:0, instance:co.edu.icesi.internetcomputing.workshop.unit_tests.TsscGameServiceTest@76a3e297]" name="testUpdateGame2" duration-ms="2" started-at="2020-05-12T22:36:18 COT" finished-at="2020-05-12T22:36:18 COT">
          <reporter-output>
          </reporter-output>
        </test-method> <!-- testUpdateGame2 -->
        <test-method status="PASS" signature="iniMock()[pri:0, instance:co.edu.icesi.internetcomputing.workshop.unit_tests.TsscGameServiceTest@76a3e297]" name="iniMock" is-config="true" duration-ms="2" started-at="2020-05-12T22:36:18 COT" finished-at="2020-05-12T22:36:18 COT">
          <reporter-output>
          </reporter-output>
        </test-method> <!-- iniMock -->
        <test-method status="PASS" signature="initializeUpdate()[pri:0, instance:co.edu.icesi.internetcomputing.workshop.unit_tests.TsscGameServiceTest@76a3e297]" name="initializeUpdate" is-config="true" duration-ms="1" started-at="2020-05-12T22:36:18 COT" finished-at="2020-05-12T22:36:18 COT">
          <reporter-output>
          </reporter-output>
        </test-method> <!-- initializeUpdate -->
        <test-method status="PASS" signature="testUpdateGame3()[pri:0, instance:co.edu.icesi.internetcomputing.workshop.unit_tests.TsscGameServiceTest@76a3e297]" name="testUpdateGame3" duration-ms="1" started-at="2020-05-12T22:36:18 COT" finished-at="2020-05-12T22:36:18 COT">
          <reporter-output>
          </reporter-output>
        </test-method> <!-- testUpdateGame3 -->
      </class> <!-- co.edu.icesi.internetcomputing.workshop.unit_tests.TsscGameServiceTest -->
      <class name="co.edu.icesi.internetcomputing.workshop.unit_tests.TsscStoryServiceTest">
        <test-method status="PASS" signature="initialize()[pri:0, instance:co.edu.icesi.internetcomputing.workshop.unit_tests.TsscStoryServiceTest@3aeaafa6]" name="initialize" is-config="true" duration-ms="27" started-at="2020-05-12T22:36:17 COT" finished-at="2020-05-12T22:36:17 COT">
          <reporter-output>
          </reporter-output>
        </test-method> <!-- initialize -->
        <test-method status="PASS" signature="iniMock()[pri:0, instance:co.edu.icesi.internetcomputing.workshop.unit_tests.TsscStoryServiceTest@3aeaafa6]" name="iniMock" is-config="true" duration-ms="549" started-at="2020-05-12T22:36:17 COT" finished-at="2020-05-12T22:36:18 COT">
          <reporter-output>
          </reporter-output>
        </test-method> <!-- iniMock -->
        <test-method status="PASS" signature="initializeUpdate()[pri:0, instance:co.edu.icesi.internetcomputing.workshop.unit_tests.TsscStoryServiceTest@3aeaafa6]" name="initializeUpdate" is-config="true" duration-ms="3" started-at="2020-05-12T22:36:18 COT" finished-at="2020-05-12T22:36:18 COT">
          <reporter-output>
          </reporter-output>
        </test-method> <!-- initializeUpdate -->
        <test-method status="PASS" signature="testAddGame2()[pri:0, instance:co.edu.icesi.internetcomputing.workshop.unit_tests.TsscStoryServiceTest@3aeaafa6]" name="testAddGame2" duration-ms="52" started-at="2020-05-12T22:36:18 COT" finished-at="2020-05-12T22:36:18 COT">
          <reporter-output>
          </reporter-output>
        </test-method> <!-- testAddGame2 -->
        <test-method status="PASS" signature="iniMock()[pri:0, instance:co.edu.icesi.internetcomputing.workshop.unit_tests.TsscStoryServiceTest@3aeaafa6]" name="iniMock" is-config="true" duration-ms="6" started-at="2020-05-12T22:36:18 COT" finished-at="2020-05-12T22:36:18 COT">
          <reporter-output>
          </reporter-output>
        </test-method> <!-- iniMock -->
        <test-method status="PASS" signature="testAddGame3()[pri:0, instance:co.edu.icesi.internetcomputing.workshop.unit_tests.TsscStoryServiceTest@3aeaafa6]" name="testAddGame3" duration-ms="2" started-at="2020-05-12T22:36:18 COT" finished-at="2020-05-12T22:36:18 COT">
          <reporter-output>
          </reporter-output>
        </test-method> <!-- testAddGame3 -->
        <test-method status="PASS" signature="initializeUpdate()[pri:0, instance:co.edu.icesi.internetcomputing.workshop.unit_tests.TsscStoryServiceTest@3aeaafa6]" name="initializeUpdate" is-config="true" duration-ms="0" started-at="2020-05-12T22:36:18 COT" finished-at="2020-05-12T22:36:18 COT">
          <reporter-output>
          </reporter-output>
        </test-method> <!-- initializeUpdate -->
        <test-method status="PASS" signature="iniMock()[pri:0, instance:co.edu.icesi.internetcomputing.workshop.unit_tests.TsscStoryServiceTest@3aeaafa6]" name="iniMock" is-config="true" duration-ms="1" started-at="2020-05-12T22:36:18 COT" finished-at="2020-05-12T22:36:18 COT">
          <reporter-output>
          </reporter-output>
        </test-method> <!-- iniMock -->
        <test-method status="PASS" signature="initializeUpdate()[pri:0, instance:co.edu.icesi.internetcomputing.workshop.unit_tests.TsscStoryServiceTest@3aeaafa6]" name="initializeUpdate" is-config="true" duration-ms="1" started-at="2020-05-12T22:36:18 COT" finished-at="2020-05-12T22:36:18 COT">
          <reporter-output>
          </reporter-output>
        </test-method> <!-- initializeUpdate -->
        <test-method status="PASS" signature="testAddGame4()[pri:0, instance:co.edu.icesi.internetcomputing.workshop.unit_tests.TsscStoryServiceTest@3aeaafa6]" name="testAddGame4" duration-ms="3" started-at="2020-05-12T22:36:18 COT" finished-at="2020-05-12T22:36:18 COT">
          <reporter-output>
          </reporter-output>
        </test-method> <!-- testAddGame4 -->
        <test-method status="PASS" signature="iniMock()[pri:0, instance:co.edu.icesi.internetcomputing.workshop.unit_tests.TsscStoryServiceTest@3aeaafa6]" name="iniMock" is-config="true" duration-ms="2" started-at="2020-05-12T22:36:18 COT" finished-at="2020-05-12T22:36:18 COT">
          <reporter-output>
          </reporter-output>
        </test-method> <!-- iniMock -->
        <test-method status="PASS" signature="testAddGame5()[pri:0, instance:co.edu.icesi.internetcomputing.workshop.unit_tests.TsscStoryServiceTest@3aeaafa6]" name="testAddGame5" duration-ms="4" started-at="2020-05-12T22:36:18 COT" finished-at="2020-05-12T22:36:18 COT">
          <reporter-output>
          </reporter-output>
        </test-method> <!-- testAddGame5 -->
        <test-method status="PASS" signature="initializeUpdate()[pri:0, instance:co.edu.icesi.internetcomputing.workshop.unit_tests.TsscStoryServiceTest@3aeaafa6]" name="initializeUpdate" is-config="true" duration-ms="0" started-at="2020-05-12T22:36:18 COT" finished-at="2020-05-12T22:36:18 COT">
          <reporter-output>
          </reporter-output>
        </test-method> <!-- initializeUpdate -->
        <test-method status="PASS" signature="iniMock()[pri:0, instance:co.edu.icesi.internetcomputing.workshop.unit_tests.TsscStoryServiceTest@3aeaafa6]" name="iniMock" is-config="true" duration-ms="2" started-at="2020-05-12T22:36:18 COT" finished-at="2020-05-12T22:36:18 COT">
          <reporter-output>
          </reporter-output>
        </test-method> <!-- iniMock -->
        <test-method status="PASS" signature="initializeUpdate()[pri:0, instance:co.edu.icesi.internetcomputing.workshop.unit_tests.TsscStoryServiceTest@3aeaafa6]" name="initializeUpdate" is-config="true" duration-ms="0" started-at="2020-05-12T22:36:18 COT" finished-at="2020-05-12T22:36:18 COT">
          <reporter-output>
          </reporter-output>
        </test-method> <!-- initializeUpdate -->
        <test-method status="FAIL" signature="testAddStory1()[pri:0, instance:co.edu.icesi.internetcomputing.workshop.unit_tests.TsscStoryServiceTest@3aeaafa6]" name="testAddStory1" duration-ms="4" started-at="2020-05-12T22:36:18 COT" finished-at="2020-05-12T22:36:18 COT">
          <exception class="java.lang.NullPointerException">
            <full-stacktrace>
              <![CDATA[java.lang.NullPointerException
at co.edu.icesi.internetcomputing.workshop.services.TsscStoryServiceImp.save(TsscStoryServiceImp.java:39)
at co.edu.icesi.internetcomputing.workshop.unit_tests.TsscStoryServiceTest.testAddStory1(TsscStoryServiceTest.java:76)
at sun.reflect.NativeMethodAccessorImpl.invoke0(Native Method)
at sun.reflect.NativeMethodAccessorImpl.invoke(Unknown Source)
at sun.reflect.DelegatingMethodAccessorImpl.invoke(Unknown Source)
at java.lang.reflect.Method.invoke(Unknown Source)
at org.testng.internal.MethodInvocationHelper.invokeMethod(MethodInvocationHelper.java:134)
at org.testng.internal.TestInvoker.invokeMethod(TestInvoker.java:597)
at org.testng.internal.TestInvoker.invokeTestMethod(TestInvoker.java:173)
at org.testng.internal.MethodRunner.runInSequence(MethodRunner.java:46)
at org.testng.internal.TestInvoker$MethodInvocationAgent.invoke(TestInvoker.java:816)
at org.testng.internal.TestInvoker.invokeTestMethods(TestInvoker.java:146)
at org.testng.internal.TestMethodWorker.invokeTestMethods(TestMethodWorker.java:146)
at org.testng.internal.TestMethodWorker.run(TestMethodWorker.java:128)
at java.util.ArrayList.forEach(Unknown Source)
at org.testng.TestRunner.privateRun(TestRunner.java:766)
at org.testng.TestRunner.run(TestRunner.java:587)
at org.testng.SuiteRunner.runTest(SuiteRunner.java:384)
at org.testng.SuiteRunner.runSequentially(SuiteRunner.java:378)
at org.testng.SuiteRunner.privateRun(SuiteRunner.java:337)
at org.testng.SuiteRunner.run(SuiteRunner.java:286)
at org.testng.SuiteRunnerWorker.runSuite(SuiteRunnerWorker.java:53)
at org.testng.SuiteRunnerWorker.run(SuiteRunnerWorker.java:96)
at org.testng.TestNG.runSuitesSequentially(TestNG.java:1187)
at org.testng.TestNG.runSuitesLocally(TestNG.java:1109)
at org.testng.TestNG.runSuites(TestNG.java:1039)
at org.testng.TestNG.run(TestNG.java:1007)
at org.testng.remote.AbstractRemoteTestNG.run(AbstractRemoteTestNG.java:115)
at org.testng.remote.RemoteTestNG.initAndRun(RemoteTestNG.java:251)
at org.testng.remote.RemoteTestNG.main(RemoteTestNG.java:77)
]]>
            </full-stacktrace>
          </exception> <!-- java.lang.NullPointerException -->
          <reporter-output>
          </reporter-output>
        </test-method> <!-- testAddStory1 -->
        <test-method status="PASS" signature="iniMock()[pri:0, instance:co.edu.icesi.internetcomputing.workshop.unit_tests.TsscStoryServiceTest@3aeaafa6]" name="iniMock" is-config="true" duration-ms="1" started-at="2020-05-12T22:36:18 COT" finished-at="2020-05-12T22:36:18 COT">
          <reporter-output>
          </reporter-output>
        </test-method> <!-- iniMock -->
        <test-method status="FAIL" signature="testUpdateStory1()[pri:0, instance:co.edu.icesi.internetcomputing.workshop.unit_tests.TsscStoryServiceTest@3aeaafa6]" name="testUpdateStory1" duration-ms="22" started-at="2020-05-12T22:36:18 COT" finished-at="2020-05-12T22:36:18 COT">
          <exception class="java.lang.NullPointerException">
            <full-stacktrace>
              <![CDATA[java.lang.NullPointerException
at co.edu.icesi.internetcomputing.workshop.services.TsscStoryServiceImp.save(TsscStoryServiceImp.java:39)
at co.edu.icesi.internetcomputing.workshop.unit_tests.TsscStoryServiceTest.testUpdateStory1(TsscStoryServiceTest.java:189)
at sun.reflect.NativeMethodAccessorImpl.invoke0(Native Method)
at sun.reflect.NativeMethodAccessorImpl.invoke(Unknown Source)
at sun.reflect.DelegatingMethodAccessorImpl.invoke(Unknown Source)
at java.lang.reflect.Method.invoke(Unknown Source)
at org.testng.internal.MethodInvocationHelper.invokeMethod(MethodInvocationHelper.java:134)
at org.testng.internal.TestInvoker.invokeMethod(TestInvoker.java:597)
at org.testng.internal.TestInvoker.invokeTestMethod(TestInvoker.java:173)
at org.testng.internal.MethodRunner.runInSequence(MethodRunner.java:46)
at org.testng.internal.TestInvoker$MethodInvocationAgent.invoke(TestInvoker.java:816)
at org.testng.internal.TestInvoker.invokeTestMethods(TestInvoker.java:146)
at org.testng.internal.TestMethodWorker.invokeTestMethods(TestMethodWorker.java:146)
at org.testng.internal.TestMethodWorker.run(TestMethodWorker.java:128)
at java.util.ArrayList.forEach(Unknown Source)
at org.testng.TestRunner.privateRun(TestRunner.java:766)
at org.testng.TestRunner.run(TestRunner.java:587)
at org.testng.SuiteRunner.runTest(SuiteRunner.java:384)
at org.testng.SuiteRunner.runSequentially(SuiteRunner.java:378)
at org.testng.SuiteRunner.privateRun(SuiteRunner.java:337)
at org.testng.SuiteRunner.run(SuiteRunner.java:286)
at org.testng.SuiteRunnerWorker.runSuite(SuiteRunnerWorker.java:53)
at org.testng.SuiteRunnerWorker.run(SuiteRunnerWorker.java:96)
at org.testng.TestNG.runSuitesSequentially(TestNG.java:1187)
at org.testng.TestNG.runSuitesLocally(TestNG.java:1109)
at org.testng.TestNG.runSuites(TestNG.java:1039)
at org.testng.TestNG.run(TestNG.java:1007)
at org.testng.remote.AbstractRemoteTestNG.run(AbstractRemoteTestNG.java:115)
at org.testng.remote.RemoteTestNG.initAndRun(RemoteTestNG.java:251)
at org.testng.remote.RemoteTestNG.main(RemoteTestNG.java:77)
]]>
            </full-stacktrace>
          </exception> <!-- java.lang.NullPointerException -->
          <reporter-output>
          </reporter-output>
        </test-method> <!-- testUpdateStory1 -->
        <test-method status="PASS" signature="initializeUpdate()[pri:0, instance:co.edu.icesi.internetcomputing.workshop.unit_tests.TsscStoryServiceTest@3aeaafa6]" name="initializeUpdate" is-config="true" duration-ms="0" started-at="2020-05-12T22:36:18 COT" finished-at="2020-05-12T22:36:18 COT">
          <reporter-output>
          </reporter-output>
        </test-method> <!-- initializeUpdate -->
        <test-method status="PASS" signature="iniMock()[pri:0, instance:co.edu.icesi.internetcomputing.workshop.unit_tests.TsscStoryServiceTest@3aeaafa6]" name="iniMock" is-config="true" duration-ms="2" started-at="2020-05-12T22:36:18 COT" finished-at="2020-05-12T22:36:18 COT">
          <reporter-output>
          </reporter-output>
        </test-method> <!-- iniMock -->
        <test-method status="PASS" signature="initializeUpdate()[pri:0, instance:co.edu.icesi.internetcomputing.workshop.unit_tests.TsscStoryServiceTest@3aeaafa6]" name="initializeUpdate" is-config="true" duration-ms="0" started-at="2020-05-12T22:36:18 COT" finished-at="2020-05-12T22:36:18 COT">
          <reporter-output>
          </reporter-output>
        </test-method> <!-- initializeUpdate -->
        <test-method status="PASS" signature="testUpdateStory2()[pri:0, instance:co.edu.icesi.internetcomputing.workshop.unit_tests.TsscStoryServiceTest@3aeaafa6]" name="testUpdateStory2" duration-ms="2" started-at="2020-05-12T22:36:18 COT" finished-at="2020-05-12T22:36:18 COT">
          <reporter-output>
          </reporter-output>
        </test-method> <!-- testUpdateStory2 -->
        <test-method status="PASS" signature="iniMock()[pri:0, instance:co.edu.icesi.internetcomputing.workshop.unit_tests.TsscStoryServiceTest@3aeaafa6]" name="iniMock" is-config="true" duration-ms="1" started-at="2020-05-12T22:36:18 COT" finished-at="2020-05-12T22:36:18 COT">
          <reporter-output>
          </reporter-output>
        </test-method> <!-- iniMock -->
        <test-method status="PASS" signature="initializeUpdate()[pri:0, instance:co.edu.icesi.internetcomputing.workshop.unit_tests.TsscStoryServiceTest@3aeaafa6]" name="initializeUpdate" is-config="true" duration-ms="1" started-at="2020-05-12T22:36:18 COT" finished-at="2020-05-12T22:36:18 COT">
          <reporter-output>
          </reporter-output>
        </test-method> <!-- initializeUpdate -->
        <test-method status="PASS" signature="testUpdateStory3()[pri:0, instance:co.edu.icesi.internetcomputing.workshop.unit_tests.TsscStoryServiceTest@3aeaafa6]" name="testUpdateStory3" duration-ms="2" started-at="2020-05-12T22:36:18 COT" finished-at="2020-05-12T22:36:18 COT">
          <reporter-output>
          </reporter-output>
        </test-method> <!-- testUpdateStory3 -->
        <test-method status="PASS" signature="iniMock()[pri:0, instance:co.edu.icesi.internetcomputing.workshop.unit_tests.TsscStoryServiceTest@3aeaafa6]" name="iniMock" is-config="true" duration-ms="2" started-at="2020-05-12T22:36:18 COT" finished-at="2020-05-12T22:36:18 COT">
          <reporter-output>
          </reporter-output>
        </test-method> <!-- iniMock -->
        <test-method status="PASS" signature="initializeUpdate()[pri:0, instance:co.edu.icesi.internetcomputing.workshop.unit_tests.TsscStoryServiceTest@3aeaafa6]" name="initializeUpdate" is-config="true" duration-ms="1" started-at="2020-05-12T22:36:18 COT" finished-at="2020-05-12T22:36:18 COT">
          <reporter-output>
          </reporter-output>
        </test-method> <!-- initializeUpdate -->
        <test-method status="PASS" signature="testUpdateStory4()[pri:0, instance:co.edu.icesi.internetcomputing.workshop.unit_tests.TsscStoryServiceTest@3aeaafa6]" name="testUpdateStory4" duration-ms="3" started-at="2020-05-12T22:36:18 COT" finished-at="2020-05-12T22:36:18 COT">
          <reporter-output>
          </reporter-output>
        </test-method> <!-- testUpdateStory4 -->
      </class> <!-- co.edu.icesi.internetcomputing.workshop.unit_tests.TsscStoryServiceTest -->
      <class name="co.edu.icesi.internetcomputing.workshop.unit_tests.TsscTopicServiceTest">
        <test-method status="PASS" signature="iniMock()[pri:0, instance:co.edu.icesi.internetcomputing.workshop.unit_tests.TsscTopicServiceTest@4d3167f4]" name="iniMock" is-config="true" duration-ms="5" started-at="2020-05-12T22:36:18 COT" finished-at="2020-05-12T22:36:18 COT">
          <reporter-output>
          </reporter-output>
        </test-method> <!-- iniMock -->
        <test-method status="FAIL" signature="testAddTopic1()[pri:0, instance:co.edu.icesi.internetcomputing.workshop.unit_tests.TsscTopicServiceTest@4d3167f4]" name="testAddTopic1" duration-ms="1" started-at="2020-05-12T22:36:18 COT" description="Add a topic without errors" finished-at="2020-05-12T22:36:18 COT">
          <exception class="java.lang.NullPointerException">
            <full-stacktrace>
              <![CDATA[java.lang.NullPointerException
at co.edu.icesi.internetcomputing.workshop.services.TsscTopicServiceImp.save(TsscTopicServiceImp.java:33)
at co.edu.icesi.internetcomputing.workshop.unit_tests.TsscTopicServiceTest.testAddTopic1(TsscTopicServiceTest.java:47)
at sun.reflect.NativeMethodAccessorImpl.invoke0(Native Method)
at sun.reflect.NativeMethodAccessorImpl.invoke(Unknown Source)
at sun.reflect.DelegatingMethodAccessorImpl.invoke(Unknown Source)
at java.lang.reflect.Method.invoke(Unknown Source)
at org.testng.internal.MethodInvocationHelper.invokeMethod(MethodInvocationHelper.java:134)
at org.testng.internal.TestInvoker.invokeMethod(TestInvoker.java:597)
at org.testng.internal.TestInvoker.invokeTestMethod(TestInvoker.java:173)
at org.testng.internal.MethodRunner.runInSequence(MethodRunner.java:46)
at org.testng.internal.TestInvoker$MethodInvocationAgent.invoke(TestInvoker.java:816)
at org.testng.internal.TestInvoker.invokeTestMethods(TestInvoker.java:146)
at org.testng.internal.TestMethodWorker.invokeTestMethods(TestMethodWorker.java:146)
at org.testng.internal.TestMethodWorker.run(TestMethodWorker.java:128)
at java.util.ArrayList.forEach(Unknown Source)
at org.testng.TestRunner.privateRun(TestRunner.java:766)
at org.testng.TestRunner.run(TestRunner.java:587)
at org.testng.SuiteRunner.runTest(SuiteRunner.java:384)
at org.testng.SuiteRunner.runSequentially(SuiteRunner.java:378)
at org.testng.SuiteRunner.privateRun(SuiteRunner.java:337)
at org.testng.SuiteRunner.run(SuiteRunner.java:286)
at org.testng.SuiteRunnerWorker.runSuite(SuiteRunnerWorker.java:53)
at org.testng.SuiteRunnerWorker.run(SuiteRunnerWorker.java:96)
at org.testng.TestNG.runSuitesSequentially(TestNG.java:1187)
at org.testng.TestNG.runSuitesLocally(TestNG.java:1109)
at org.testng.TestNG.runSuites(TestNG.java:1039)
at org.testng.TestNG.run(TestNG.java:1007)
at org.testng.remote.AbstractRemoteTestNG.run(AbstractRemoteTestNG.java:115)
at org.testng.remote.RemoteTestNG.initAndRun(RemoteTestNG.java:251)
at org.testng.remote.RemoteTestNG.main(RemoteTestNG.java:77)
]]>
            </full-stacktrace>
          </exception> <!-- java.lang.NullPointerException -->
          <reporter-output>
          </reporter-output>
        </test-method> <!-- testAddTopic1 -->
        <test-method status="PASS" signature="iniMock()[pri:0, instance:co.edu.icesi.internetcomputing.workshop.unit_tests.TsscTopicServiceTest@4d3167f4]" name="iniMock" is-config="true" duration-ms="1" started-at="2020-05-12T22:36:18 COT" finished-at="2020-05-12T22:36:18 COT">
          <reporter-output>
          </reporter-output>
        </test-method> <!-- iniMock -->
        <test-method status="PASS" signature="testAddTopic2()[pri:0, instance:co.edu.icesi.internetcomputing.workshop.unit_tests.TsscTopicServiceTest@4d3167f4]" name="testAddTopic2" duration-ms="2" started-at="2020-05-12T22:36:18 COT" description="Added a topic where groups are not greater than zero" finished-at="2020-05-12T22:36:18 COT">
          <reporter-output>
          </reporter-output>
        </test-method> <!-- testAddTopic2 -->
        <test-method status="PASS" signature="iniMock()[pri:0, instance:co.edu.icesi.internetcomputing.workshop.unit_tests.TsscTopicServiceTest@4d3167f4]" name="iniMock" is-config="true" duration-ms="1" started-at="2020-05-12T22:36:18 COT" finished-at="2020-05-12T22:36:18 COT">
          <reporter-output>
          </reporter-output>
        </test-method> <!-- iniMock -->
        <test-method status="PASS" signature="testAddTopic3()[pri:0, instance:co.edu.icesi.internetcomputing.workshop.unit_tests.TsscTopicServiceTest@4d3167f4]" name="testAddTopic3" duration-ms="2" started-at="2020-05-12T22:36:18 COT" description="Added a topic where sprints are not greater than zero" finished-at="2020-05-12T22:36:18 COT">
          <reporter-output>
          </reporter-output>
        </test-method> <!-- testAddTopic3 -->
        <test-method status="PASS" signature="iniMock()[pri:0, instance:co.edu.icesi.internetcomputing.workshop.unit_tests.TsscTopicServiceTest@4d3167f4]" name="iniMock" is-config="true" duration-ms="1" started-at="2020-05-12T22:36:18 COT" finished-at="2020-05-12T22:36:18 COT">
          <reporter-output>
          </reporter-output>
        </test-method> <!-- iniMock -->
        <test-method status="PASS" signature="testAddTopicNull()[pri:0, instance:co.edu.icesi.internetcomputing.workshop.unit_tests.TsscTopicServiceTest@4d3167f4]" name="testAddTopicNull" duration-ms="5" started-at="2020-05-12T22:36:18 COT" description="Attempt to add null topic" finished-at="2020-05-12T22:36:18 COT">
          <exception class="java.lang.NullPointerException">
            <message>
              <![CDATA[El topic no puede ser Nulo]]>
            </message>
            <full-stacktrace>
              <![CDATA[java.lang.NullPointerException: El topic no puede ser Nulo
at co.edu.icesi.internetcomputing.workshop.services.TsscTopicServiceImp.save(TsscTopicServiceImp.java:26)
at co.edu.icesi.internetcomputing.workshop.unit_tests.TsscTopicServiceTest.testAddTopicNull(TsscTopicServiceTest.java:87)
at sun.reflect.NativeMethodAccessorImpl.invoke0(Native Method)
at sun.reflect.NativeMethodAccessorImpl.invoke(Unknown Source)
at sun.reflect.DelegatingMethodAccessorImpl.invoke(Unknown Source)
at java.lang.reflect.Method.invoke(Unknown Source)
at org.testng.internal.MethodInvocationHelper.invokeMethod(MethodInvocationHelper.java:134)
at org.testng.internal.TestInvoker.invokeMethod(TestInvoker.java:597)
at org.testng.internal.TestInvoker.invokeTestMethod(TestInvoker.java:173)
at org.testng.internal.MethodRunner.runInSequence(MethodRunner.java:46)
at org.testng.internal.TestInvoker$MethodInvocationAgent.invoke(TestInvoker.java:816)
at org.testng.internal.TestInvoker.invokeTestMethods(TestInvoker.java:146)
at org.testng.internal.TestMethodWorker.invokeTestMethods(TestMethodWorker.java:146)
at org.testng.internal.TestMethodWorker.run(TestMethodWorker.java:128)
at java.util.ArrayList.forEach(Unknown Source)
at org.testng.TestRunner.privateRun(TestRunner.java:766)
at org.testng.TestRunner.run(TestRunner.java:587)
at org.testng.SuiteRunner.runTest(SuiteRunner.java:384)
at org.testng.SuiteRunner.runSequentially(SuiteRunner.java:378)
at org.testng.SuiteRunner.privateRun(SuiteRunner.java:337)
at org.testng.SuiteRunner.run(SuiteRunner.java:286)
at org.testng.SuiteRunnerWorker.runSuite(SuiteRunnerWorker.java:53)
at org.testng.SuiteRunnerWorker.run(SuiteRunnerWorker.java:96)
at org.testng.TestNG.runSuitesSequentially(TestNG.java:1187)
at org.testng.TestNG.runSuitesLocally(TestNG.java:1109)
at org.testng.TestNG.runSuites(TestNG.java:1039)
at org.testng.TestNG.run(TestNG.java:1007)
at org.testng.remote.AbstractRemoteTestNG.run(AbstractRemoteTestNG.java:115)
at org.testng.remote.RemoteTestNG.initAndRun(RemoteTestNG.java:251)
at org.testng.remote.RemoteTestNG.main(RemoteTestNG.java:77)
]]>
            </full-stacktrace>
          </exception> <!-- java.lang.NullPointerException -->
          <reporter-output>
          </reporter-output>
        </test-method> <!-- testAddTopicNull -->
        <test-method status="PASS" signature="iniMock()[pri:0, instance:co.edu.icesi.internetcomputing.workshop.unit_tests.TsscTopicServiceTest@4d3167f4]" name="iniMock" is-config="true" duration-ms="1" started-at="2020-05-12T22:36:18 COT" finished-at="2020-05-12T22:36:18 COT">
          <reporter-output>
          </reporter-output>
        </test-method> <!-- iniMock -->
        <test-method status="FAIL" signature="testUpdateTopic1()[pri:0, instance:co.edu.icesi.internetcomputing.workshop.unit_tests.TsscTopicServiceTest@4d3167f4]" name="testUpdateTopic1" duration-ms="2" started-at="2020-05-12T22:36:18 COT" description="Update the topic without errors" finished-at="2020-05-12T22:36:18 COT">
          <exception class="java.lang.NullPointerException">
            <full-stacktrace>
              <![CDATA[java.lang.NullPointerException
at co.edu.icesi.internetcomputing.workshop.services.TsscTopicServiceImp.save(TsscTopicServiceImp.java:33)
at co.edu.icesi.internetcomputing.workshop.unit_tests.TsscTopicServiceTest.testUpdateTopic1(TsscTopicServiceTest.java:123)
at sun.reflect.NativeMethodAccessorImpl.invoke0(Native Method)
at sun.reflect.NativeMethodAccessorImpl.invoke(Unknown Source)
at sun.reflect.DelegatingMethodAccessorImpl.invoke(Unknown Source)
at java.lang.reflect.Method.invoke(Unknown Source)
at org.testng.internal.MethodInvocationHelper.invokeMethod(MethodInvocationHelper.java:134)
at org.testng.internal.TestInvoker.invokeMethod(TestInvoker.java:597)
at org.testng.internal.TestInvoker.invokeTestMethod(TestInvoker.java:173)
at org.testng.internal.MethodRunner.runInSequence(MethodRunner.java:46)
at org.testng.internal.TestInvoker$MethodInvocationAgent.invoke(TestInvoker.java:816)
at org.testng.internal.TestInvoker.invokeTestMethods(TestInvoker.java:146)
at org.testng.internal.TestMethodWorker.invokeTestMethods(TestMethodWorker.java:146)
at org.testng.internal.TestMethodWorker.run(TestMethodWorker.java:128)
at java.util.ArrayList.forEach(Unknown Source)
at org.testng.TestRunner.privateRun(TestRunner.java:766)
at org.testng.TestRunner.run(TestRunner.java:587)
at org.testng.SuiteRunner.runTest(SuiteRunner.java:384)
at org.testng.SuiteRunner.runSequentially(SuiteRunner.java:378)
at org.testng.SuiteRunner.privateRun(SuiteRunner.java:337)
at org.testng.SuiteRunner.run(SuiteRunner.java:286)
at org.testng.SuiteRunnerWorker.runSuite(SuiteRunnerWorker.java:53)
at org.testng.SuiteRunnerWorker.run(SuiteRunnerWorker.java:96)
at org.testng.TestNG.runSuitesSequentially(TestNG.java:1187)
at org.testng.TestNG.runSuitesLocally(TestNG.java:1109)
at org.testng.TestNG.runSuites(TestNG.java:1039)
at org.testng.TestNG.run(TestNG.java:1007)
at org.testng.remote.AbstractRemoteTestNG.run(AbstractRemoteTestNG.java:115)
at org.testng.remote.RemoteTestNG.initAndRun(RemoteTestNG.java:251)
at org.testng.remote.RemoteTestNG.main(RemoteTestNG.java:77)
]]>
            </full-stacktrace>
          </exception> <!-- java.lang.NullPointerException -->
          <reporter-output>
          </reporter-output>
        </test-method> <!-- testUpdateTopic1 -->
        <test-method status="PASS" signature="iniMock()[pri:0, instance:co.edu.icesi.internetcomputing.workshop.unit_tests.TsscTopicServiceTest@4d3167f4]" name="iniMock" is-config="true" duration-ms="1" started-at="2020-05-12T22:36:18 COT" finished-at="2020-05-12T22:36:18 COT">
          <reporter-output>
          </reporter-output>
        </test-method> <!-- iniMock -->
        <test-method status="PASS" signature="testUpdateTopic2()[pri:0, instance:co.edu.icesi.internetcomputing.workshop.unit_tests.TsscTopicServiceTest@4d3167f4]" name="testUpdateTopic2" duration-ms="11" started-at="2020-05-12T22:36:18 COT" description="Update a topic where groups are not greater than zero" finished-at="2020-05-12T22:36:18 COT">
          <reporter-output>
          </reporter-output>
        </test-method> <!-- testUpdateTopic2 -->
        <test-method status="PASS" signature="iniMock()[pri:0, instance:co.edu.icesi.internetcomputing.workshop.unit_tests.TsscTopicServiceTest@4d3167f4]" name="iniMock" is-config="true" duration-ms="3" started-at="2020-05-12T22:36:18 COT" finished-at="2020-05-12T22:36:18 COT">
          <reporter-output>
          </reporter-output>
        </test-method> <!-- iniMock -->
        <test-method status="PASS" signature="testUpdateTopic3()[pri:0, instance:co.edu.icesi.internetcomputing.workshop.unit_tests.TsscTopicServiceTest@4d3167f4]" name="testUpdateTopic3" duration-ms="4" started-at="2020-05-12T22:36:18 COT" description="Update a topic where sprints are not greater than zero" finished-at="2020-05-12T22:36:18 COT">
          <reporter-output>
          </reporter-output>
        </test-method> <!-- testUpdateTopic3 -->
      </class> <!-- co.edu.icesi.internetcomputing.workshop.unit_tests.TsscTopicServiceTest -->
    </test> <!-- Default test -->
  </suite> <!-- Default suite -->
</testng-results>
